[debug] [2022-03-18T23:14:38.126Z] ----------------------------------------------------------------------
[debug] [2022-03-18T23:14:38.129Z] Command:       C:\Program Files\nodejs\node.exe C:\Users\joela\AppData\Roaming\npm\node_modules\firebase-tools\lib\bin\firebase.js deploy
[debug] [2022-03-18T23:14:38.130Z] CLI Version:   10.2.1
[debug] [2022-03-18T23:14:38.130Z] Platform:      win32
[debug] [2022-03-18T23:14:38.130Z] Node Version:  v16.13.0
[debug] [2022-03-18T23:14:38.142Z] Time:          Sat Mar 19 2022 00:14:38 GMT+0100 (West Africa Standard Time)
[debug] [2022-03-18T23:14:38.143Z] ----------------------------------------------------------------------
[debug] 
[debug] [2022-03-18T23:14:38.253Z] > command requires scopes: ["email","openid","https://www.googleapis.com/auth/cloudplatformprojects.readonly","https://www.googleapis.com/auth/firebase","https://www.googleapis.com/auth/cloud-platform"]
[debug] [2022-03-18T23:14:38.253Z] > authorizing via signed-in user (joeladewole3@gmail.com)
[debug] [2022-03-18T23:14:38.254Z] [iam] checking project starwars-casts for permissions ["firebase.projects.get","firebasehosting.sites.update"]
[debug] [2022-03-18T23:14:38.258Z] >>> [apiv2][query] POST https://cloudresourcemanager.googleapis.com/v1/projects/starwars-casts:testIamPermissions [none]
[debug] [2022-03-18T23:14:38.258Z] >>> [apiv2][body] POST https://cloudresourcemanager.googleapis.com/v1/projects/starwars-casts:testIamPermissions {"permissions":["firebase.projects.get","firebasehosting.sites.update"]}
[debug] [2022-03-18T23:14:41.129Z] <<< [apiv2][status] POST https://cloudresourcemanager.googleapis.com/v1/projects/starwars-casts:testIamPermissions 200
[debug] [2022-03-18T23:14:41.130Z] <<< [apiv2][body] POST https://cloudresourcemanager.googleapis.com/v1/projects/starwars-casts:testIamPermissions {"permissions":["firebase.projects.get","firebasehosting.sites.update"]}
[debug] [2022-03-18T23:14:41.134Z] >>> [apiv2][query] GET https://firebase.googleapis.com/v1beta1/projects/starwars-casts [none]
[debug] [2022-03-18T23:15:02.394Z] Failed to make request to https://firebase.googleapis.com/v1beta1/projects/starwars-casts
[debug] [2022-03-18T23:15:02.760Z] FirebaseError: Failed to make request to https://firebase.googleapis.com/v1beta1/projects/starwars-casts
    at RetryOperation._fn (C:\Users\joela\AppData\Roaming\npm\node_modules\firebase-tools\lib\apiv2.js:240:31)
    at processTicksAndRejections (node:internal/process/task_queues:96:5)
[error] 
[error] Error: Failed to get Firebase project starwars-casts. Please make sure the project exists and your account has permission to access it.
